{
  "RSpec": {
    "coverage": {
      "/Users/victoriajusko/Desktop/ContactTalent/spec/talent_tool_spec.rb": {
        "lines": [
          null,
          null,
          1,
          null,
          1,
          6,
          null,
          1,
          1,
          1,
          null,
          null,
          1,
          1,
          null,
          null,
          1,
          1,
          null,
          null,
          null,
          1,
          2,
          null,
          null,
          1,
          2,
          null,
          null,
          null
        ]
      },
      "/Users/victoriajusko/Desktop/ContactTalent/lib/talent_tool.rb": {
        "lines": [
          null,
          null,
          1,
          1,
          1,
          5,
          4,
          null,
          3,
          15,
          3,
          1,
          null,
          5,
          null,
          null,
          null
        ]
      }
    },
    "timestamp": 1611488255
  }
}
